<?xml version="1.0" encoding="UTF-8"?>
<testsuite xmlns:xsi="http://www.w3.org/2001/XMLSchema-instance" xsi:noNamespaceSchemaLocation="https://maven.apache.org/surefire/maven-surefire-plugin/xsd/surefire-test-report-3.0.xsd" version="3.0" name="com.manhattan.tests.Product_ADD_and_UPDATE" time="85.979" tests="2" errors="0" skipped="0" failures="0">
  <properties>
[...]
</properties>
  <testcase name="testA_addProduct" classname="com.manhattan.tests.Product_ADD_and_UPDATE" time="44.894"/>
  <testcase name="testB_updateProduct" classname="com.manhattan.tests.Product_ADD_and_UPDATE" time="39.854"/>
</testsuite>